<?xml version='1.0' encoding='UTF-8'?>
<multistatus xmlns='DAV:'>
  <response>
    <href>/ID/calendars/SOMEURI/</href>
    <propstat>
      <prop>
        <supported-calendar-component-set xmlns='urn:ietf:params:xml:ns:caldav'>
          <comp name='VEVENT'/>
        </supported-calendar-component-set>
        <displayname>NAME</displayname>
        <resourcetype>
          <collection/>
          <calendar xmlns='urn:ietf:params:xml:ns:caldav'/>
        </resourcetype>
      </prop>
      <status>HTTP/1.1 200 OK</status>
    </propstat>
    <propstat>
      <prop>
        <resourcetype/>
        <displayname/>
        <supported-calendar-component-set xmlns='urn:ietf:params:xml:ns:caldav'/>
      </prop>
      <status>HTTP/1.1 404 Not Found</status>
    </propstat>
  </response>
  <response>
    <href>/ID/calendars/outbox/</href>
    <propstat>
      <prop>
        <resourcetype>
          <collection/>
          <schedule-outbox xmlns='urn:ietf:params:xml:ns:caldav'/>
        </resourcetype>
        <supported-calendar-component-set xmlns='urn:ietf:params:xml:ns:caldav'>
          <comp name='VEVENT'/>
          <comp name='VTODO'/>
        </supported-calendar-component-set>
      </prop>
      <status>HTTP/1.1 200 OK</status>
    </propstat>
  </response>
  <response>
    <href>/ID/calendars/</href>
    <propstat>
      <prop>
        <supported-calendar-component-set xmlns='urn:ietf:params:xml:ns:caldav'>
          <comp name='VEVENT'/>
          <comp name='VTODO'/>
        </supported-calendar-component-set>
        <displayname>User Name</displayname>
        <resourcetype>
          <collection/>
        </resourcetype>
      </prop>
      <status>HTTP/1.1 200 OK</status>
    </propstat>
    <propstat>
      <prop>
        <resourcetype/>
      </prop>
      <status>HTTP/1.1 404 Not Found</status>
    </propstat>
  </response>
  <response>
    <href>/ID/calendars/home/</href>
    <propstat>
      <prop>
        <supported-calendar-component-set xmlns='urn:ietf:params:xml:ns:caldav'>
          <comp name='VEVENT'/>
        </supported-calendar-component-set>
        <resourcetype>
          <collection/>
          <calendar xmlns='urn:ietf:params:xml:ns:caldav'/>
        </resourcetype>
        <displayname>Home</displayname>
      </prop>
      <status>HTTP/1.1 200 OK</status>
    </propstat>
    <propstat>
      <prop>
        <resourcetype/>
        <displayname/>
      </prop>
      <status>HTTP/1.1 404 Not Found</status>
    </propstat>
  </response>
  <response>
    <href>/ID/calendars/notification/</href>
    <propstat>
      <prop>
        <displayname>notification</displayname>
        <resourcetype>
          <notification xmlns='http://calendarserver.org/ns/'/>
          <collection/>
        </resourcetype>
      </prop>
      <status>HTTP/1.1 200 OK</status>
    </propstat>
    <propstat>
      <prop>
        <supported-calendar-component-set xmlns='urn:ietf:params:xml:ns:caldav'/>
        <resourcetype/>
      </prop>
      <status>HTTP/1.1 404 Not Found</status>
    </propstat>
  </response>
  <response>
    <href>/ID/calendars/tasks/</href>
    <propstat>
      <prop>
        <supported-calendar-component-set xmlns='urn:ietf:params:xml:ns:caldav'>
          <comp name='VTODO'/>
        </supported-calendar-component-set>
        <resourcetype>
          <collection/>
          <calendar xmlns='urn:ietf:params:xml:ns:caldav'/>
        </resourcetype>
        <displayname>Reminders</displayname>
      </prop>
      <status>HTTP/1.1 200 OK</status>
    </propstat>
    <propstat>
      <prop>
        <resourcetype/>
      </prop>
      <status>HTTP/1.1 404 Not Found</status>
    </propstat>
  </response>
  <response>
    <href>/ID/calendars/inbox/</href>
    <propstat>
      <prop>
        <supported-calendar-component-set xmlns='urn:ietf:params:xml:ns:caldav'>
          <comp name='VEVENT'/>
          <comp name='VTODO'/>
          <comp name='VPOLL'/>
        </supported-calendar-component-set>
        <resourcetype>
          <collection/>
          <schedule-inbox xmlns='urn:ietf:params:xml:ns:caldav'/>
        </resourcetype>
        <displayname>inbox</displayname>
      </prop>
      <status>HTTP/1.1 200 OK</status>
    </propstat>
    <propstat>
      <prop>
        <resourcetype/>
      </prop>
      <status>HTTP/1.1 404 Not Found</status>
    </propstat>
  </response>
</multistatus>