<?xml version="1.0" encoding="UTF-8"?>
<D:multistatus xmlns:D="DAV:"><D:response><D:href>/calendars/200/calendar/</D:href><D:propstat><D:prop><D:displayname>Daylite</D:displayname><D:getetag>EE8B4307-A785-4FD0-AA2C-B52F60D6A2B1</D:getetag></D:prop><D:status>HTTP/1.1 200 OK</D:status></D:propstat><D:propstat><D:prop><getctag xmlns="http://calendarserver.org/ns/"/></D:prop><D:status>HTTP/1.1 404 Not Found</D:status></D:propstat></D:response></D:multistatus>
